<?xml version="1.0" encoding="UTF-8"?>
<!-- Generated by org.testng.reporters.JUnitReportReporter -->
<testsuite hostname="ParamDesktop" failures="0" tests="2" name="AmazonTest.AmazonSigninTest" time="8.869" errors="0" timestamp="2024-07-17T10:31:34 IST" skipped="0">
  <testcase classname="AmazonTest.AmazonSigninTest" name="openUrl" time="6.017"/>
  <system-out/>
  <testcase classname="AmazonTest.AmazonSigninTest" name="Amazonlogin" time="2.852"/>
  <system-out/>
</testsuite> <!-- AmazonTest.AmazonSigninTest -->
