<?xml version="1.0" encoding="UTF-8"?>
<!-- Generated by org.testng.reporters.JUnitReportReporter -->
<testsuite hostname="ParamDesktop" failures="0" tests="2" name="AmazonTest.AmazonCartTest" time="6.884" errors="0" timestamp="2024-07-17T10:31:34 IST" skipped="0">
  <testcase classname="AmazonTest.AmazonCartTest" name="AmazonCart" time="0.718"/>
  <system-out/>
  <testcase classname="AmazonTest.AmazonCartTest" name="openUrl" time="6.166"/>
  <system-out/>
</testsuite> <!-- AmazonTest.AmazonCartTest -->
