<?xml version="1.0" encoding="UTF-8"?>
<!-- Generated by org.testng.reporters.JUnitReportReporter -->
<testsuite hostname="ParamDesktop" failures="0" tests="2" name="AmazonTest.AmazonSearchPageTest" time="8.229" errors="0" timestamp="2024-07-16T16:25:39 IST" skipped="0">
  <testcase classname="AmazonTest.AmazonSearchPageTest" name="searching" time="2.107"/>
  <system-out/>
  <testcase classname="AmazonTest.AmazonSearchPageTest" name="openUrl" time="6.122"/>
  <system-out/>
</testsuite> <!-- AmazonTest.AmazonSearchPageTest -->
