<?xml version="1.0" encoding="UTF-8"?>
<!-- Generated by org.testng.reporters.JUnitReportReporter -->
<testsuite hostname="ParamDesktop" failures="0" tests="1" name="AmazonTest.AmazonHomePage" time="7.276" errors="0" timestamp="2024-07-17T10:31:34 IST" skipped="0">
  <testcase classname="AmazonTest.AmazonHomePage" name="openUrl" time="7.276"/>
  <system-out/>
</testsuite> <!-- AmazonTest.AmazonHomePage -->
