<?xml version="1.0" encoding="UTF-8"?>
<!-- Generated by org.testng.reporters.JUnitReportReporter -->
<testsuite hostname="ParamDesktop" failures="0" tests="2" name="AmazonTest.AmazonSearchPageTest" time="9.414" errors="0" timestamp="2024-07-17T10:31:34 IST" skipped="0">
  <testcase classname="AmazonTest.AmazonSearchPageTest" name="openUrl" time="7.652"/>
  <system-out/>
  <testcase classname="AmazonTest.AmazonSearchPageTest" name="searching" time="1.762"/>
  <system-out/>
</testsuite> <!-- AmazonTest.AmazonSearchPageTest -->
