<?xml version="1.0" encoding="UTF-8"?>
<!-- Generated by org.testng.reporters.JUnitReportReporter -->
<testsuite hostname="ParamDesktop" failures="0" tests="2" name="AmazonTest.AmazonSigninTest" time="10.380" errors="0" timestamp="2024-07-16T16:25:39 IST" skipped="0">
  <testcase classname="AmazonTest.AmazonSigninTest" name="openUrl" time="6.999"/>
  <system-out/>
  <testcase classname="AmazonTest.AmazonSigninTest" name="Amazonlogin" time="3.381"/>
  <system-out/>
</testsuite> <!-- AmazonTest.AmazonSigninTest -->
