<?xml version="1.0" encoding="UTF-8"?>
<!-- Generated by org.testng.reporters.JUnitReportReporter -->
<testsuite hostname="ParamDesktop" failures="0" tests="2" name="AmazonTest.AmazonTabsTest" time="11.334" errors="0" timestamp="2024-07-17T10:31:34 IST" skipped="0">
  <testcase classname="AmazonTest.AmazonTabsTest" name="Amazontext" time="5.198"/>
  <system-out/>
  <testcase classname="AmazonTest.AmazonTabsTest" name="openUrl" time="6.136"/>
  <system-out/>
</testsuite> <!-- AmazonTest.AmazonTabsTest -->
